2026-04-21 21:41:37.910 +05:30 [ERR] [SpectrumCare.Identity] [2] Hosting failed to start
System.IO.IOException: Failed to bind to address http://127.0.0.1:5206: address already in use.
 ---> Microsoft.AspNetCore.Connections.AddressInUseException: Only one usage of each socket address (protocol/network address/port) is normally permitted.
 ---> System.Net.Sockets.SocketException (10048): Only one usage of each socket address (protocol/network address/port) is normally permitted.
   at System.Net.Sockets.Socket.UpdateStatusAfterSocketErrorAndThrowException(SocketError error, Boolean disconnectOnFailure, String callerName)
   at System.Net.Sockets.Socket.DoBind(EndPoint endPointSnapshot, SocketAddress socketAddress)
   at System.Net.Sockets.Socket.Bind(EndPoint localEP)
   at Microsoft.AspNetCore.Server.Kestrel.Transport.Sockets.SocketTransportOptions.CreateDefaultBoundListenSocket(EndPoint endpoint)
   at Microsoft.AspNetCore.Server.Kestrel.Transport.Sockets.SocketConnectionListener.Bind()
   --- End of inner exception stack trace ---
   at Microsoft.AspNetCore.Server.Kestrel.Transport.Sockets.SocketConnectionListener.Bind()
   at Microsoft.AspNetCore.Server.Kestrel.Transport.Sockets.SocketTransportFactory.BindAsync(EndPoint endpoint, CancellationToken cancellationToken)
   at Microsoft.AspNetCore.Server.Kestrel.Core.Internal.Infrastructure.TransportManager.BindAsync(EndPoint endPoint, ConnectionDelegate connectionDelegate, EndpointConfig endpointConfig, CancellationToken cancellationToken)
   at Microsoft.AspNetCore.Server.Kestrel.Core.KestrelServerImpl.<>c__DisplayClass28_0`1.<<StartAsync>g__OnBind|0>d.MoveNext()
--- End of stack trace from previous location ---
   at Microsoft.AspNetCore.Server.Kestrel.Core.Internal.AddressBinder.BindEndpointAsync(ListenOptions endpoint, AddressBindContext context, CancellationToken cancellationToken)
   --- End of inner exception stack trace ---
   at Microsoft.AspNetCore.Server.Kestrel.Core.Internal.AddressBinder.BindEndpointAsync(ListenOptions endpoint, AddressBindContext context, CancellationToken cancellationToken)
   at Microsoft.AspNetCore.Server.Kestrel.Core.LocalhostListenOptions.BindAsync(AddressBindContext context, CancellationToken cancellationToken)
   at Microsoft.AspNetCore.Server.Kestrel.Core.Internal.AddressBinder.AddressesStrategy.BindAsync(AddressBindContext context, CancellationToken cancellationToken)
   at Microsoft.AspNetCore.Server.Kestrel.Core.KestrelServerImpl.BindAsync(CancellationToken cancellationToken)
   at Microsoft.AspNetCore.Server.Kestrel.Core.KestrelServerImpl.StartAsync[TContext](IHttpApplication`1 application, CancellationToken cancellationToken)
   at Microsoft.AspNetCore.Hosting.GenericWebHostService.StartAsync(CancellationToken cancellationToken)
   at Microsoft.Extensions.Hosting.Internal.Host.<StartAsync>b__14_1(IHostedService service, CancellationToken token)
   at Microsoft.Extensions.Hosting.Internal.Host.ForeachService[T](IEnumerable`1 services, CancellationToken token, Boolean concurrent, Boolean abortOnFirstException, List`1 exceptions, Func`3 operation)
2026-04-21 21:43:21.578 +05:30 [INF] [SpectrumCare.Identity] [13] HTTP GET /health responded 200 in 3875.7416 ms
2026-04-21 21:43:21.703 +05:30 [INF] [SpectrumCare.Identity] [10] HTTP GET /favicon.ico responded 404 in 2.2515 ms
2026-04-21 21:46:49.239 +05:30 [INF] [SpectrumCare.Identity] [10] HTTP GET /health responded 200 in 122.4256 ms
2026-04-21 21:46:50.318 +05:30 [INF] [SpectrumCare.Identity] [6] HTTP GET /health responded 200 in 14.0462 ms
2026-04-21 21:48:33.928 +05:30 [ERR] [SpectrumCare.Identity] [6] HTTP POST /api/v1/auth/register responded 500 in 2621.2132 ms
System.InvalidOperationException: TenantId claim is missing or invalid. Ensure JWT contains tenantId claim.
   at SpectrumCare.Identity.Infrastructure.Services.TenantContextService.get_TenantId() in D:\SpectrumCare\src\Services\Identity\SpectrumCare.Identity.Infrastructure\Services\TenantContextService.cs:line 31
   at lambda_method15(Closure, QueryContext)
   at Microsoft.EntityFrameworkCore.Query.Internal.QueryCompiler.ExecuteCore[TResult](Expression query, Boolean async, CancellationToken cancellationToken)
   at Microsoft.EntityFrameworkCore.Query.Internal.QueryCompiler.ExecuteAsync[TResult](Expression query, CancellationToken cancellationToken)
   at Microsoft.EntityFrameworkCore.Query.Internal.EntityQueryProvider.ExecuteAsync[TResult](Expression expression, CancellationToken cancellationToken)
   at Microsoft.EntityFrameworkCore.EntityFrameworkQueryableExtensions.ExecuteAsync[TSource,TResult](MethodInfo operatorMethodInfo, IQueryable`1 source, Expression expression, CancellationToken cancellationToken)
   at Microsoft.EntityFrameworkCore.EntityFrameworkQueryableExtensions.ExecuteAsync[TSource,TResult](MethodInfo operatorMethodInfo, IQueryable`1 source, LambdaExpression expression, CancellationToken cancellationToken)
   at Microsoft.EntityFrameworkCore.EntityFrameworkQueryableExtensions.AnyAsync[TSource](IQueryable`1 source, Expression`1 predicate, CancellationToken cancellationToken)
   at SpectrumCare.Identity.Infrastructure.Persistence.Repositories.UserRepository.EmailExistsAsync(String email, CancellationToken cancellationToken) in D:\SpectrumCare\src\Services\Identity\SpectrumCare.Identity.Infrastructure\Persistence\Repositories\UserRepository.cs:line 58
   at SpectrumCare.Identity.Application.Commands.Register.RegisterCommandHandler.Handle(RegisterCommand command, CancellationToken cancellationToken) in D:\SpectrumCare\src\Services\Identity\SpectrumCare.Identity.Application\Commands\Register\RegisterCommandHandler.cs:line 48
   at SpectrumCare.Identity.API.Controllers.AuthController.Register(RegisterRequest request, CancellationToken cancellationToken) in D:\SpectrumCare\src\Services\Identity\SpectrumCare.Identity.API\Controllers\AuthController.cs:line 47
   at Microsoft.AspNetCore.Mvc.Infrastructure.ActionMethodExecutor.TaskOfIActionResultExecutor.Execute(ActionContext actionContext, IActionResultTypeMapper mapper, ObjectMethodExecutor executor, Object controller, Object[] arguments)
   at Microsoft.AspNetCore.Mvc.Infrastructure.ControllerActionInvoker.<InvokeActionMethodAsync>g__Awaited|12_0(ControllerActionInvoker invoker, ValueTask`1 actionResultValueTask)
   at Microsoft.AspNetCore.Mvc.Infrastructure.ControllerActionInvoker.<InvokeNextActionFilterAsync>g__Awaited|10_0(ControllerActionInvoker invoker, Task lastTask, State next, Scope scope, Object state, Boolean isCompleted)
   at Microsoft.AspNetCore.Mvc.Infrastructure.ControllerActionInvoker.Rethrow(ActionExecutedContextSealed context)
   at Microsoft.AspNetCore.Mvc.Infrastructure.ControllerActionInvoker.Next(State& next, Scope& scope, Object& state, Boolean& isCompleted)
   at Microsoft.AspNetCore.Mvc.Infrastructure.ControllerActionInvoker.InvokeInnerFilterAsync()
--- End of stack trace from previous location ---
   at Microsoft.AspNetCore.Mvc.Infrastructure.ResourceInvoker.<InvokeFilterPipelineAsync>g__Awaited|20_0(ResourceInvoker invoker, Task lastTask, State next, Scope scope, Object state, Boolean isCompleted)
   at Microsoft.AspNetCore.Mvc.Infrastructure.ResourceInvoker.<InvokeAsync>g__Awaited|17_0(ResourceInvoker invoker, Task task, IDisposable scope)
   at Microsoft.AspNetCore.Mvc.Infrastructure.ResourceInvoker.<InvokeAsync>g__Awaited|17_0(ResourceInvoker invoker, Task task, IDisposable scope)
   at Microsoft.AspNetCore.Authorization.AuthorizationMiddleware.Invoke(HttpContext context)
   at Microsoft.AspNetCore.Authentication.AuthenticationMiddleware.Invoke(HttpContext context)
   at Serilog.AspNetCore.RequestLoggingMiddleware.Invoke(HttpContext httpContext)
2026-04-21 21:48:34.046 +05:30 [ERR] [SpectrumCare.Identity] [6] Unhandled exception occurred. TraceId: 0HNKVO5HO3LOB:00000002, Path: /api/v1/auth/register
System.InvalidOperationException: TenantId claim is missing or invalid. Ensure JWT contains tenantId claim.
   at SpectrumCare.Identity.Infrastructure.Services.TenantContextService.get_TenantId() in D:\SpectrumCare\src\Services\Identity\SpectrumCare.Identity.Infrastructure\Services\TenantContextService.cs:line 31
   at lambda_method15(Closure, QueryContext)
   at Microsoft.EntityFrameworkCore.Query.Internal.QueryCompiler.ExecuteCore[TResult](Expression query, Boolean async, CancellationToken cancellationToken)
   at Microsoft.EntityFrameworkCore.Query.Internal.QueryCompiler.ExecuteAsync[TResult](Expression query, CancellationToken cancellationToken)
   at Microsoft.EntityFrameworkCore.Query.Internal.EntityQueryProvider.ExecuteAsync[TResult](Expression expression, CancellationToken cancellationToken)
   at Microsoft.EntityFrameworkCore.EntityFrameworkQueryableExtensions.ExecuteAsync[TSource,TResult](MethodInfo operatorMethodInfo, IQueryable`1 source, Expression expression, CancellationToken cancellationToken)
   at Microsoft.EntityFrameworkCore.EntityFrameworkQueryableExtensions.ExecuteAsync[TSource,TResult](MethodInfo operatorMethodInfo, IQueryable`1 source, LambdaExpression expression, CancellationToken cancellationToken)
   at Microsoft.EntityFrameworkCore.EntityFrameworkQueryableExtensions.AnyAsync[TSource](IQueryable`1 source, Expression`1 predicate, CancellationToken cancellationToken)
   at SpectrumCare.Identity.Infrastructure.Persistence.Repositories.UserRepository.EmailExistsAsync(String email, CancellationToken cancellationToken) in D:\SpectrumCare\src\Services\Identity\SpectrumCare.Identity.Infrastructure\Persistence\Repositories\UserRepository.cs:line 58
   at SpectrumCare.Identity.Application.Commands.Register.RegisterCommandHandler.Handle(RegisterCommand command, CancellationToken cancellationToken) in D:\SpectrumCare\src\Services\Identity\SpectrumCare.Identity.Application\Commands\Register\RegisterCommandHandler.cs:line 48
   at SpectrumCare.Identity.API.Controllers.AuthController.Register(RegisterRequest request, CancellationToken cancellationToken) in D:\SpectrumCare\src\Services\Identity\SpectrumCare.Identity.API\Controllers\AuthController.cs:line 47
   at Microsoft.AspNetCore.Mvc.Infrastructure.ActionMethodExecutor.TaskOfIActionResultExecutor.Execute(ActionContext actionContext, IActionResultTypeMapper mapper, ObjectMethodExecutor executor, Object controller, Object[] arguments)
   at Microsoft.AspNetCore.Mvc.Infrastructure.ControllerActionInvoker.<InvokeActionMethodAsync>g__Awaited|12_0(ControllerActionInvoker invoker, ValueTask`1 actionResultValueTask)
   at Microsoft.AspNetCore.Mvc.Infrastructure.ControllerActionInvoker.<InvokeNextActionFilterAsync>g__Awaited|10_0(ControllerActionInvoker invoker, Task lastTask, State next, Scope scope, Object state, Boolean isCompleted)
   at Microsoft.AspNetCore.Mvc.Infrastructure.ControllerActionInvoker.Rethrow(ActionExecutedContextSealed context)
   at Microsoft.AspNetCore.Mvc.Infrastructure.ControllerActionInvoker.Next(State& next, Scope& scope, Object& state, Boolean& isCompleted)
   at Microsoft.AspNetCore.Mvc.Infrastructure.ControllerActionInvoker.InvokeInnerFilterAsync()
--- End of stack trace from previous location ---
   at Microsoft.AspNetCore.Mvc.Infrastructure.ResourceInvoker.<InvokeFilterPipelineAsync>g__Awaited|20_0(ResourceInvoker invoker, Task lastTask, State next, Scope scope, Object state, Boolean isCompleted)
   at Microsoft.AspNetCore.Mvc.Infrastructure.ResourceInvoker.<InvokeAsync>g__Awaited|17_0(ResourceInvoker invoker, Task task, IDisposable scope)
   at Microsoft.AspNetCore.Mvc.Infrastructure.ResourceInvoker.<InvokeAsync>g__Awaited|17_0(ResourceInvoker invoker, Task task, IDisposable scope)
   at Microsoft.AspNetCore.Authorization.AuthorizationMiddleware.Invoke(HttpContext context)
   at Microsoft.AspNetCore.Authentication.AuthenticationMiddleware.Invoke(HttpContext context)
   at Serilog.AspNetCore.RequestLoggingMiddleware.Invoke(HttpContext httpContext)
   at Swashbuckle.AspNetCore.SwaggerUI.SwaggerUIMiddleware.Invoke(HttpContext httpContext)
   at Swashbuckle.AspNetCore.Swagger.SwaggerMiddleware.Invoke(HttpContext httpContext, ISwaggerProvider swaggerProvider)
   at SpectrumCare.BuildingBlocks.Web.Middleware.ExceptionMiddleware.InvokeAsync(HttpContext context) in D:\SpectrumCare\src\BuildingBlocks\SpectrumCare.BuildingBlocks.Web\Middleware\ExceptionMiddleware.cs:line 35
2026-04-21 21:49:07.135 +05:30 [ERR] [SpectrumCare.Identity] [3] HTTP POST /api/v1/auth/register responded 500 in 154.5265 ms
System.InvalidOperationException: TenantId claim is missing or invalid. Ensure JWT contains tenantId claim.
   at SpectrumCare.Identity.Infrastructure.Services.TenantContextService.get_TenantId() in D:\SpectrumCare\src\Services\Identity\SpectrumCare.Identity.Infrastructure\Services\TenantContextService.cs:line 31
   at lambda_method15(Closure, QueryContext)
   at Microsoft.EntityFrameworkCore.Query.Internal.QueryCompiler.ExecuteCore[TResult](Expression query, Boolean async, CancellationToken cancellationToken)
   at Microsoft.EntityFrameworkCore.Query.Internal.QueryCompiler.ExecuteAsync[TResult](Expression query, CancellationToken cancellationToken)
   at Microsoft.EntityFrameworkCore.Query.Internal.EntityQueryProvider.ExecuteAsync[TResult](Expression expression, CancellationToken cancellationToken)
   at Microsoft.EntityFrameworkCore.EntityFrameworkQueryableExtensions.ExecuteAsync[TSource,TResult](MethodInfo operatorMethodInfo, IQueryable`1 source, Expression expression, CancellationToken cancellationToken)
   at Microsoft.EntityFrameworkCore.EntityFrameworkQueryableExtensions.ExecuteAsync[TSource,TResult](MethodInfo operatorMethodInfo, IQueryable`1 source, LambdaExpression expression, CancellationToken cancellationToken)
   at Microsoft.EntityFrameworkCore.EntityFrameworkQueryableExtensions.AnyAsync[TSource](IQueryable`1 source, Expression`1 predicate, CancellationToken cancellationToken)
   at SpectrumCare.Identity.Infrastructure.Persistence.Repositories.UserRepository.EmailExistsAsync(String email, CancellationToken cancellationToken) in D:\SpectrumCare\src\Services\Identity\SpectrumCare.Identity.Infrastructure\Persistence\Repositories\UserRepository.cs:line 58
   at SpectrumCare.Identity.Application.Commands.Register.RegisterCommandHandler.Handle(RegisterCommand command, CancellationToken cancellationToken) in D:\SpectrumCare\src\Services\Identity\SpectrumCare.Identity.Application\Commands\Register\RegisterCommandHandler.cs:line 48
   at SpectrumCare.Identity.API.Controllers.AuthController.Register(RegisterRequest request, CancellationToken cancellationToken) in D:\SpectrumCare\src\Services\Identity\SpectrumCare.Identity.API\Controllers\AuthController.cs:line 47
   at Microsoft.AspNetCore.Mvc.Infrastructure.ActionMethodExecutor.TaskOfIActionResultExecutor.Execute(ActionContext actionContext, IActionResultTypeMapper mapper, ObjectMethodExecutor executor, Object controller, Object[] arguments)
   at Microsoft.AspNetCore.Mvc.Infrastructure.ControllerActionInvoker.<InvokeActionMethodAsync>g__Awaited|12_0(ControllerActionInvoker invoker, ValueTask`1 actionResultValueTask)
   at Microsoft.AspNetCore.Mvc.Infrastructure.ControllerActionInvoker.<InvokeNextActionFilterAsync>g__Awaited|10_0(ControllerActionInvoker invoker, Task lastTask, State next, Scope scope, Object state, Boolean isCompleted)
   at Microsoft.AspNetCore.Mvc.Infrastructure.ControllerActionInvoker.Rethrow(ActionExecutedContextSealed context)
   at Microsoft.AspNetCore.Mvc.Infrastructure.ControllerActionInvoker.Next(State& next, Scope& scope, Object& state, Boolean& isCompleted)
   at Microsoft.AspNetCore.Mvc.Infrastructure.ControllerActionInvoker.InvokeInnerFilterAsync()
--- End of stack trace from previous location ---
   at Microsoft.AspNetCore.Mvc.Infrastructure.ResourceInvoker.<InvokeFilterPipelineAsync>g__Awaited|20_0(ResourceInvoker invoker, Task lastTask, State next, Scope scope, Object state, Boolean isCompleted)
   at Microsoft.AspNetCore.Mvc.Infrastructure.ResourceInvoker.<InvokeAsync>g__Awaited|17_0(ResourceInvoker invoker, Task task, IDisposable scope)
   at Microsoft.AspNetCore.Mvc.Infrastructure.ResourceInvoker.<InvokeAsync>g__Awaited|17_0(ResourceInvoker invoker, Task task, IDisposable scope)
   at Microsoft.AspNetCore.Authorization.AuthorizationMiddleware.Invoke(HttpContext context)
   at Microsoft.AspNetCore.Authentication.AuthenticationMiddleware.Invoke(HttpContext context)
   at Serilog.AspNetCore.RequestLoggingMiddleware.Invoke(HttpContext httpContext)
2026-04-21 21:49:07.169 +05:30 [ERR] [SpectrumCare.Identity] [3] Unhandled exception occurred. TraceId: 0HNKVO5HO3LOB:00000003, Path: /api/v1/auth/register
System.InvalidOperationException: TenantId claim is missing or invalid. Ensure JWT contains tenantId claim.
   at SpectrumCare.Identity.Infrastructure.Services.TenantContextService.get_TenantId() in D:\SpectrumCare\src\Services\Identity\SpectrumCare.Identity.Infrastructure\Services\TenantContextService.cs:line 31
   at lambda_method15(Closure, QueryContext)
   at Microsoft.EntityFrameworkCore.Query.Internal.QueryCompiler.ExecuteCore[TResult](Expression query, Boolean async, CancellationToken cancellationToken)
   at Microsoft.EntityFrameworkCore.Query.Internal.QueryCompiler.ExecuteAsync[TResult](Expression query, CancellationToken cancellationToken)
   at Microsoft.EntityFrameworkCore.Query.Internal.EntityQueryProvider.ExecuteAsync[TResult](Expression expression, CancellationToken cancellationToken)
   at Microsoft.EntityFrameworkCore.EntityFrameworkQueryableExtensions.ExecuteAsync[TSource,TResult](MethodInfo operatorMethodInfo, IQueryable`1 source, Expression expression, CancellationToken cancellationToken)
   at Microsoft.EntityFrameworkCore.EntityFrameworkQueryableExtensions.ExecuteAsync[TSource,TResult](MethodInfo operatorMethodInfo, IQueryable`1 source, LambdaExpression expression, CancellationToken cancellationToken)
   at Microsoft.EntityFrameworkCore.EntityFrameworkQueryableExtensions.AnyAsync[TSource](IQueryable`1 source, Expression`1 predicate, CancellationToken cancellationToken)
   at SpectrumCare.Identity.Infrastructure.Persistence.Repositories.UserRepository.EmailExistsAsync(String email, CancellationToken cancellationToken) in D:\SpectrumCare\src\Services\Identity\SpectrumCare.Identity.Infrastructure\Persistence\Repositories\UserRepository.cs:line 58
   at SpectrumCare.Identity.Application.Commands.Register.RegisterCommandHandler.Handle(RegisterCommand command, CancellationToken cancellationToken) in D:\SpectrumCare\src\Services\Identity\SpectrumCare.Identity.Application\Commands\Register\RegisterCommandHandler.cs:line 48
   at SpectrumCare.Identity.API.Controllers.AuthController.Register(RegisterRequest request, CancellationToken cancellationToken) in D:\SpectrumCare\src\Services\Identity\SpectrumCare.Identity.API\Controllers\AuthController.cs:line 47
   at Microsoft.AspNetCore.Mvc.Infrastructure.ActionMethodExecutor.TaskOfIActionResultExecutor.Execute(ActionContext actionContext, IActionResultTypeMapper mapper, ObjectMethodExecutor executor, Object controller, Object[] arguments)
   at Microsoft.AspNetCore.Mvc.Infrastructure.ControllerActionInvoker.<InvokeActionMethodAsync>g__Awaited|12_0(ControllerActionInvoker invoker, ValueTask`1 actionResultValueTask)
   at Microsoft.AspNetCore.Mvc.Infrastructure.ControllerActionInvoker.<InvokeNextActionFilterAsync>g__Awaited|10_0(ControllerActionInvoker invoker, Task lastTask, State next, Scope scope, Object state, Boolean isCompleted)
   at Microsoft.AspNetCore.Mvc.Infrastructure.ControllerActionInvoker.Rethrow(ActionExecutedContextSealed context)
   at Microsoft.AspNetCore.Mvc.Infrastructure.ControllerActionInvoker.Next(State& next, Scope& scope, Object& state, Boolean& isCompleted)
   at Microsoft.AspNetCore.Mvc.Infrastructure.ControllerActionInvoker.InvokeInnerFilterAsync()
--- End of stack trace from previous location ---
   at Microsoft.AspNetCore.Mvc.Infrastructure.ResourceInvoker.<InvokeFilterPipelineAsync>g__Awaited|20_0(ResourceInvoker invoker, Task lastTask, State next, Scope scope, Object state, Boolean isCompleted)
   at Microsoft.AspNetCore.Mvc.Infrastructure.ResourceInvoker.<InvokeAsync>g__Awaited|17_0(ResourceInvoker invoker, Task task, IDisposable scope)
   at Microsoft.AspNetCore.Mvc.Infrastructure.ResourceInvoker.<InvokeAsync>g__Awaited|17_0(ResourceInvoker invoker, Task task, IDisposable scope)
   at Microsoft.AspNetCore.Authorization.AuthorizationMiddleware.Invoke(HttpContext context)
   at Microsoft.AspNetCore.Authentication.AuthenticationMiddleware.Invoke(HttpContext context)
   at Serilog.AspNetCore.RequestLoggingMiddleware.Invoke(HttpContext httpContext)
   at Swashbuckle.AspNetCore.SwaggerUI.SwaggerUIMiddleware.Invoke(HttpContext httpContext)
   at Swashbuckle.AspNetCore.Swagger.SwaggerMiddleware.Invoke(HttpContext httpContext, ISwaggerProvider swaggerProvider)
   at SpectrumCare.BuildingBlocks.Web.Middleware.ExceptionMiddleware.InvokeAsync(HttpContext context) in D:\SpectrumCare\src\BuildingBlocks\SpectrumCare.BuildingBlocks.Web\Middleware\ExceptionMiddleware.cs:line 35
2026-04-21 21:49:36.245 +05:30 [ERR] [SpectrumCare.Identity] [15] HTTP POST /api/v1/auth/register responded 500 in 56.5482 ms
System.InvalidOperationException: TenantId claim is missing or invalid. Ensure JWT contains tenantId claim.
   at SpectrumCare.Identity.Infrastructure.Services.TenantContextService.get_TenantId() in D:\SpectrumCare\src\Services\Identity\SpectrumCare.Identity.Infrastructure\Services\TenantContextService.cs:line 31
   at lambda_method15(Closure, QueryContext)
   at Microsoft.EntityFrameworkCore.Query.Internal.QueryCompiler.ExecuteCore[TResult](Expression query, Boolean async, CancellationToken cancellationToken)
   at Microsoft.EntityFrameworkCore.Query.Internal.QueryCompiler.ExecuteAsync[TResult](Expression query, CancellationToken cancellationToken)
   at Microsoft.EntityFrameworkCore.Query.Internal.EntityQueryProvider.ExecuteAsync[TResult](Expression expression, CancellationToken cancellationToken)
   at Microsoft.EntityFrameworkCore.EntityFrameworkQueryableExtensions.ExecuteAsync[TSource,TResult](MethodInfo operatorMethodInfo, IQueryable`1 source, Expression expression, CancellationToken cancellationToken)
   at Microsoft.EntityFrameworkCore.EntityFrameworkQueryableExtensions.ExecuteAsync[TSource,TResult](MethodInfo operatorMethodInfo, IQueryable`1 source, LambdaExpression expression, CancellationToken cancellationToken)
   at Microsoft.EntityFrameworkCore.EntityFrameworkQueryableExtensions.AnyAsync[TSource](IQueryable`1 source, Expression`1 predicate, CancellationToken cancellationToken)
   at SpectrumCare.Identity.Infrastructure.Persistence.Repositories.UserRepository.EmailExistsAsync(String email, CancellationToken cancellationToken) in D:\SpectrumCare\src\Services\Identity\SpectrumCare.Identity.Infrastructure\Persistence\Repositories\UserRepository.cs:line 58
   at SpectrumCare.Identity.Application.Commands.Register.RegisterCommandHandler.Handle(RegisterCommand command, CancellationToken cancellationToken) in D:\SpectrumCare\src\Services\Identity\SpectrumCare.Identity.Application\Commands\Register\RegisterCommandHandler.cs:line 48
   at SpectrumCare.Identity.API.Controllers.AuthController.Register(RegisterRequest request, CancellationToken cancellationToken) in D:\SpectrumCare\src\Services\Identity\SpectrumCare.Identity.API\Controllers\AuthController.cs:line 47
   at Microsoft.AspNetCore.Mvc.Infrastructure.ActionMethodExecutor.TaskOfIActionResultExecutor.Execute(ActionContext actionContext, IActionResultTypeMapper mapper, ObjectMethodExecutor executor, Object controller, Object[] arguments)
   at Microsoft.AspNetCore.Mvc.Infrastructure.ControllerActionInvoker.<InvokeActionMethodAsync>g__Awaited|12_0(ControllerActionInvoker invoker, ValueTask`1 actionResultValueTask)
   at Microsoft.AspNetCore.Mvc.Infrastructure.ControllerActionInvoker.<InvokeNextActionFilterAsync>g__Awaited|10_0(ControllerActionInvoker invoker, Task lastTask, State next, Scope scope, Object state, Boolean isCompleted)
   at Microsoft.AspNetCore.Mvc.Infrastructure.ControllerActionInvoker.Rethrow(ActionExecutedContextSealed context)
   at Microsoft.AspNetCore.Mvc.Infrastructure.ControllerActionInvoker.Next(State& next, Scope& scope, Object& state, Boolean& isCompleted)
   at Microsoft.AspNetCore.Mvc.Infrastructure.ControllerActionInvoker.InvokeInnerFilterAsync()
--- End of stack trace from previous location ---
   at Microsoft.AspNetCore.Mvc.Infrastructure.ResourceInvoker.<InvokeFilterPipelineAsync>g__Awaited|20_0(ResourceInvoker invoker, Task lastTask, State next, Scope scope, Object state, Boolean isCompleted)
   at Microsoft.AspNetCore.Mvc.Infrastructure.ResourceInvoker.<InvokeAsync>g__Awaited|17_0(ResourceInvoker invoker, Task task, IDisposable scope)
   at Microsoft.AspNetCore.Mvc.Infrastructure.ResourceInvoker.<InvokeAsync>g__Awaited|17_0(ResourceInvoker invoker, Task task, IDisposable scope)
   at Microsoft.AspNetCore.Authorization.AuthorizationMiddleware.Invoke(HttpContext context)
   at Microsoft.AspNetCore.Authentication.AuthenticationMiddleware.Invoke(HttpContext context)
   at Serilog.AspNetCore.RequestLoggingMiddleware.Invoke(HttpContext httpContext)
2026-04-21 21:49:36.276 +05:30 [ERR] [SpectrumCare.Identity] [15] Unhandled exception occurred. TraceId: 0HNKVO5HO3LOB:00000007, Path: /api/v1/auth/register
System.InvalidOperationException: TenantId claim is missing or invalid. Ensure JWT contains tenantId claim.
   at SpectrumCare.Identity.Infrastructure.Services.TenantContextService.get_TenantId() in D:\SpectrumCare\src\Services\Identity\SpectrumCare.Identity.Infrastructure\Services\TenantContextService.cs:line 31
   at lambda_method15(Closure, QueryContext)
   at Microsoft.EntityFrameworkCore.Query.Internal.QueryCompiler.ExecuteCore[TResult](Expression query, Boolean async, CancellationToken cancellationToken)
   at Microsoft.EntityFrameworkCore.Query.Internal.QueryCompiler.ExecuteAsync[TResult](Expression query, CancellationToken cancellationToken)
   at Microsoft.EntityFrameworkCore.Query.Internal.EntityQueryProvider.ExecuteAsync[TResult](Expression expression, CancellationToken cancellationToken)
   at Microsoft.EntityFrameworkCore.EntityFrameworkQueryableExtensions.ExecuteAsync[TSource,TResult](MethodInfo operatorMethodInfo, IQueryable`1 source, Expression expression, CancellationToken cancellationToken)
   at Microsoft.EntityFrameworkCore.EntityFrameworkQueryableExtensions.ExecuteAsync[TSource,TResult](MethodInfo operatorMethodInfo, IQueryable`1 source, LambdaExpression expression, CancellationToken cancellationToken)
   at Microsoft.EntityFrameworkCore.EntityFrameworkQueryableExtensions.AnyAsync[TSource](IQueryable`1 source, Expression`1 predicate, CancellationToken cancellationToken)
   at SpectrumCare.Identity.Infrastructure.Persistence.Repositories.UserRepository.EmailExistsAsync(String email, CancellationToken cancellationToken) in D:\SpectrumCare\src\Services\Identity\SpectrumCare.Identity.Infrastructure\Persistence\Repositories\UserRepository.cs:line 58
   at SpectrumCare.Identity.Application.Commands.Register.RegisterCommandHandler.Handle(RegisterCommand command, CancellationToken cancellationToken) in D:\SpectrumCare\src\Services\Identity\SpectrumCare.Identity.Application\Commands\Register\RegisterCommandHandler.cs:line 48
   at SpectrumCare.Identity.API.Controllers.AuthController.Register(RegisterRequest request, CancellationToken cancellationToken) in D:\SpectrumCare\src\Services\Identity\SpectrumCare.Identity.API\Controllers\AuthController.cs:line 47
   at Microsoft.AspNetCore.Mvc.Infrastructure.ActionMethodExecutor.TaskOfIActionResultExecutor.Execute(ActionContext actionContext, IActionResultTypeMapper mapper, ObjectMethodExecutor executor, Object controller, Object[] arguments)
   at Microsoft.AspNetCore.Mvc.Infrastructure.ControllerActionInvoker.<InvokeActionMethodAsync>g__Awaited|12_0(ControllerActionInvoker invoker, ValueTask`1 actionResultValueTask)
   at Microsoft.AspNetCore.Mvc.Infrastructure.ControllerActionInvoker.<InvokeNextActionFilterAsync>g__Awaited|10_0(ControllerActionInvoker invoker, Task lastTask, State next, Scope scope, Object state, Boolean isCompleted)
   at Microsoft.AspNetCore.Mvc.Infrastructure.ControllerActionInvoker.Rethrow(ActionExecutedContextSealed context)
   at Microsoft.AspNetCore.Mvc.Infrastructure.ControllerActionInvoker.Next(State& next, Scope& scope, Object& state, Boolean& isCompleted)
   at Microsoft.AspNetCore.Mvc.Infrastructure.ControllerActionInvoker.InvokeInnerFilterAsync()
--- End of stack trace from previous location ---
   at Microsoft.AspNetCore.Mvc.Infrastructure.ResourceInvoker.<InvokeFilterPipelineAsync>g__Awaited|20_0(ResourceInvoker invoker, Task lastTask, State next, Scope scope, Object state, Boolean isCompleted)
   at Microsoft.AspNetCore.Mvc.Infrastructure.ResourceInvoker.<InvokeAsync>g__Awaited|17_0(ResourceInvoker invoker, Task task, IDisposable scope)
   at Microsoft.AspNetCore.Mvc.Infrastructure.ResourceInvoker.<InvokeAsync>g__Awaited|17_0(ResourceInvoker invoker, Task task, IDisposable scope)
   at Microsoft.AspNetCore.Authorization.AuthorizationMiddleware.Invoke(HttpContext context)
   at Microsoft.AspNetCore.Authentication.AuthenticationMiddleware.Invoke(HttpContext context)
   at Serilog.AspNetCore.RequestLoggingMiddleware.Invoke(HttpContext httpContext)
   at Swashbuckle.AspNetCore.SwaggerUI.SwaggerUIMiddleware.Invoke(HttpContext httpContext)
   at Swashbuckle.AspNetCore.Swagger.SwaggerMiddleware.Invoke(HttpContext httpContext, ISwaggerProvider swaggerProvider)
   at SpectrumCare.BuildingBlocks.Web.Middleware.ExceptionMiddleware.InvokeAsync(HttpContext context) in D:\SpectrumCare\src\BuildingBlocks\SpectrumCare.BuildingBlocks.Web\Middleware\ExceptionMiddleware.cs:line 35
2026-04-21 21:52:01.538 +05:30 [ERR] [SpectrumCare.Identity] [6] HTTP POST /api/v1/auth/register responded 500 in 2858.9176 ms
System.InvalidOperationException: TenantId claim is missing or invalid. Ensure JWT contains tenantId claim.
   at SpectrumCare.Identity.Infrastructure.Services.TenantContextService.get_TenantId() in D:\SpectrumCare\src\Services\Identity\SpectrumCare.Identity.Infrastructure\Services\TenantContextService.cs:line 31
   at lambda_method15(Closure, QueryContext)
   at Microsoft.EntityFrameworkCore.Query.Internal.QueryCompiler.ExecuteCore[TResult](Expression query, Boolean async, CancellationToken cancellationToken)
   at Microsoft.EntityFrameworkCore.Query.Internal.QueryCompiler.ExecuteAsync[TResult](Expression query, CancellationToken cancellationToken)
   at Microsoft.EntityFrameworkCore.Query.Internal.EntityQueryProvider.ExecuteAsync[TResult](Expression expression, CancellationToken cancellationToken)
   at Microsoft.EntityFrameworkCore.EntityFrameworkQueryableExtensions.ExecuteAsync[TSource,TResult](MethodInfo operatorMethodInfo, IQueryable`1 source, Expression expression, CancellationToken cancellationToken)
   at Microsoft.EntityFrameworkCore.EntityFrameworkQueryableExtensions.ExecuteAsync[TSource,TResult](MethodInfo operatorMethodInfo, IQueryable`1 source, LambdaExpression expression, CancellationToken cancellationToken)
   at Microsoft.EntityFrameworkCore.EntityFrameworkQueryableExtensions.AnyAsync[TSource](IQueryable`1 source, Expression`1 predicate, CancellationToken cancellationToken)
   at SpectrumCare.Identity.Infrastructure.Persistence.Repositories.UserRepository.EmailExistsAsync(String email, CancellationToken cancellationToken) in D:\SpectrumCare\src\Services\Identity\SpectrumCare.Identity.Infrastructure\Persistence\Repositories\UserRepository.cs:line 58
   at SpectrumCare.Identity.Application.Commands.Register.RegisterCommandHandler.Handle(RegisterCommand command, CancellationToken cancellationToken) in D:\SpectrumCare\src\Services\Identity\SpectrumCare.Identity.Application\Commands\Register\RegisterCommandHandler.cs:line 48
   at SpectrumCare.Identity.API.Controllers.AuthController.Register(RegisterRequest request, CancellationToken cancellationToken) in D:\SpectrumCare\src\Services\Identity\SpectrumCare.Identity.API\Controllers\AuthController.cs:line 47
   at Microsoft.AspNetCore.Mvc.Infrastructure.ActionMethodExecutor.TaskOfIActionResultExecutor.Execute(ActionContext actionContext, IActionResultTypeMapper mapper, ObjectMethodExecutor executor, Object controller, Object[] arguments)
   at Microsoft.AspNetCore.Mvc.Infrastructure.ControllerActionInvoker.<InvokeActionMethodAsync>g__Awaited|12_0(ControllerActionInvoker invoker, ValueTask`1 actionResultValueTask)
   at Microsoft.AspNetCore.Mvc.Infrastructure.ControllerActionInvoker.<InvokeNextActionFilterAsync>g__Awaited|10_0(ControllerActionInvoker invoker, Task lastTask, State next, Scope scope, Object state, Boolean isCompleted)
   at Microsoft.AspNetCore.Mvc.Infrastructure.ControllerActionInvoker.Rethrow(ActionExecutedContextSealed context)
   at Microsoft.AspNetCore.Mvc.Infrastructure.ControllerActionInvoker.Next(State& next, Scope& scope, Object& state, Boolean& isCompleted)
   at Microsoft.AspNetCore.Mvc.Infrastructure.ControllerActionInvoker.InvokeInnerFilterAsync()
--- End of stack trace from previous location ---
   at Microsoft.AspNetCore.Mvc.Infrastructure.ResourceInvoker.<InvokeFilterPipelineAsync>g__Awaited|20_0(ResourceInvoker invoker, Task lastTask, State next, Scope scope, Object state, Boolean isCompleted)
   at Microsoft.AspNetCore.Mvc.Infrastructure.ResourceInvoker.<InvokeAsync>g__Awaited|17_0(ResourceInvoker invoker, Task task, IDisposable scope)
   at Microsoft.AspNetCore.Mvc.Infrastructure.ResourceInvoker.<InvokeAsync>g__Awaited|17_0(ResourceInvoker invoker, Task task, IDisposable scope)
   at Microsoft.AspNetCore.Authorization.AuthorizationMiddleware.Invoke(HttpContext context)
   at Microsoft.AspNetCore.Authentication.AuthenticationMiddleware.Invoke(HttpContext context)
   at Serilog.AspNetCore.RequestLoggingMiddleware.Invoke(HttpContext httpContext)
2026-04-21 21:52:01.704 +05:30 [ERR] [SpectrumCare.Identity] [6] Unhandled exception occurred. TraceId: 0HNKVO8BL2HCU:00000007, Path: /api/v1/auth/register
System.InvalidOperationException: TenantId claim is missing or invalid. Ensure JWT contains tenantId claim.
   at SpectrumCare.Identity.Infrastructure.Services.TenantContextService.get_TenantId() in D:\SpectrumCare\src\Services\Identity\SpectrumCare.Identity.Infrastructure\Services\TenantContextService.cs:line 31
   at lambda_method15(Closure, QueryContext)
   at Microsoft.EntityFrameworkCore.Query.Internal.QueryCompiler.ExecuteCore[TResult](Expression query, Boolean async, CancellationToken cancellationToken)
   at Microsoft.EntityFrameworkCore.Query.Internal.QueryCompiler.ExecuteAsync[TResult](Expression query, CancellationToken cancellationToken)
   at Microsoft.EntityFrameworkCore.Query.Internal.EntityQueryProvider.ExecuteAsync[TResult](Expression expression, CancellationToken cancellationToken)
   at Microsoft.EntityFrameworkCore.EntityFrameworkQueryableExtensions.ExecuteAsync[TSource,TResult](MethodInfo operatorMethodInfo, IQueryable`1 source, Expression expression, CancellationToken cancellationToken)
   at Microsoft.EntityFrameworkCore.EntityFrameworkQueryableExtensions.ExecuteAsync[TSource,TResult](MethodInfo operatorMethodInfo, IQueryable`1 source, LambdaExpression expression, CancellationToken cancellationToken)
   at Microsoft.EntityFrameworkCore.EntityFrameworkQueryableExtensions.AnyAsync[TSource](IQueryable`1 source, Expression`1 predicate, CancellationToken cancellationToken)
   at SpectrumCare.Identity.Infrastructure.Persistence.Repositories.UserRepository.EmailExistsAsync(String email, CancellationToken cancellationToken) in D:\SpectrumCare\src\Services\Identity\SpectrumCare.Identity.Infrastructure\Persistence\Repositories\UserRepository.cs:line 58
   at SpectrumCare.Identity.Application.Commands.Register.RegisterCommandHandler.Handle(RegisterCommand command, CancellationToken cancellationToken) in D:\SpectrumCare\src\Services\Identity\SpectrumCare.Identity.Application\Commands\Register\RegisterCommandHandler.cs:line 48
   at SpectrumCare.Identity.API.Controllers.AuthController.Register(RegisterRequest request, CancellationToken cancellationToken) in D:\SpectrumCare\src\Services\Identity\SpectrumCare.Identity.API\Controllers\AuthController.cs:line 47
   at Microsoft.AspNetCore.Mvc.Infrastructure.ActionMethodExecutor.TaskOfIActionResultExecutor.Execute(ActionContext actionContext, IActionResultTypeMapper mapper, ObjectMethodExecutor executor, Object controller, Object[] arguments)
   at Microsoft.AspNetCore.Mvc.Infrastructure.ControllerActionInvoker.<InvokeActionMethodAsync>g__Awaited|12_0(ControllerActionInvoker invoker, ValueTask`1 actionResultValueTask)
   at Microsoft.AspNetCore.Mvc.Infrastructure.ControllerActionInvoker.<InvokeNextActionFilterAsync>g__Awaited|10_0(ControllerActionInvoker invoker, Task lastTask, State next, Scope scope, Object state, Boolean isCompleted)
   at Microsoft.AspNetCore.Mvc.Infrastructure.ControllerActionInvoker.Rethrow(ActionExecutedContextSealed context)
   at Microsoft.AspNetCore.Mvc.Infrastructure.ControllerActionInvoker.Next(State& next, Scope& scope, Object& state, Boolean& isCompleted)
   at Microsoft.AspNetCore.Mvc.Infrastructure.ControllerActionInvoker.InvokeInnerFilterAsync()
--- End of stack trace from previous location ---
   at Microsoft.AspNetCore.Mvc.Infrastructure.ResourceInvoker.<InvokeFilterPipelineAsync>g__Awaited|20_0(ResourceInvoker invoker, Task lastTask, State next, Scope scope, Object state, Boolean isCompleted)
   at Microsoft.AspNetCore.Mvc.Infrastructure.ResourceInvoker.<InvokeAsync>g__Awaited|17_0(ResourceInvoker invoker, Task task, IDisposable scope)
   at Microsoft.AspNetCore.Mvc.Infrastructure.ResourceInvoker.<InvokeAsync>g__Awaited|17_0(ResourceInvoker invoker, Task task, IDisposable scope)
   at Microsoft.AspNetCore.Authorization.AuthorizationMiddleware.Invoke(HttpContext context)
   at Microsoft.AspNetCore.Authentication.AuthenticationMiddleware.Invoke(HttpContext context)
   at Serilog.AspNetCore.RequestLoggingMiddleware.Invoke(HttpContext httpContext)
   at Swashbuckle.AspNetCore.SwaggerUI.SwaggerUIMiddleware.Invoke(HttpContext httpContext)
   at Swashbuckle.AspNetCore.Swagger.SwaggerMiddleware.Invoke(HttpContext httpContext, ISwaggerProvider swaggerProvider)
   at SpectrumCare.BuildingBlocks.Web.Middleware.ExceptionMiddleware.InvokeAsync(HttpContext context) in D:\SpectrumCare\src\BuildingBlocks\SpectrumCare.BuildingBlocks.Web\Middleware\ExceptionMiddleware.cs:line 35
2026-04-21 21:57:08.562 +05:30 [ERR] [SpectrumCare.Identity] [14] HTTP POST /api/v1/auth/register responded 500 in 148.5542 ms
System.InvalidOperationException: TenantId claim is missing or invalid. Ensure JWT contains tenantId claim.
   at SpectrumCare.Identity.Infrastructure.Services.TenantContextService.get_TenantId() in D:\SpectrumCare\src\Services\Identity\SpectrumCare.Identity.Infrastructure\Services\TenantContextService.cs:line 31
   at lambda_method15(Closure, QueryContext)
   at Microsoft.EntityFrameworkCore.Query.Internal.QueryCompiler.ExecuteCore[TResult](Expression query, Boolean async, CancellationToken cancellationToken)
   at Microsoft.EntityFrameworkCore.Query.Internal.QueryCompiler.ExecuteAsync[TResult](Expression query, CancellationToken cancellationToken)
   at Microsoft.EntityFrameworkCore.Query.Internal.EntityQueryProvider.ExecuteAsync[TResult](Expression expression, CancellationToken cancellationToken)
   at Microsoft.EntityFrameworkCore.EntityFrameworkQueryableExtensions.ExecuteAsync[TSource,TResult](MethodInfo operatorMethodInfo, IQueryable`1 source, Expression expression, CancellationToken cancellationToken)
   at Microsoft.EntityFrameworkCore.EntityFrameworkQueryableExtensions.ExecuteAsync[TSource,TResult](MethodInfo operatorMethodInfo, IQueryable`1 source, LambdaExpression expression, CancellationToken cancellationToken)
   at Microsoft.EntityFrameworkCore.EntityFrameworkQueryableExtensions.AnyAsync[TSource](IQueryable`1 source, Expression`1 predicate, CancellationToken cancellationToken)
   at SpectrumCare.Identity.Infrastructure.Persistence.Repositories.UserRepository.EmailExistsAsync(String email, CancellationToken cancellationToken) in D:\SpectrumCare\src\Services\Identity\SpectrumCare.Identity.Infrastructure\Persistence\Repositories\UserRepository.cs:line 58
   at SpectrumCare.Identity.Application.Commands.Register.RegisterCommandHandler.Handle(RegisterCommand command, CancellationToken cancellationToken) in D:\SpectrumCare\src\Services\Identity\SpectrumCare.Identity.Application\Commands\Register\RegisterCommandHandler.cs:line 48
   at SpectrumCare.Identity.API.Controllers.AuthController.Register(RegisterRequest request, CancellationToken cancellationToken) in D:\SpectrumCare\src\Services\Identity\SpectrumCare.Identity.API\Controllers\AuthController.cs:line 47
   at Microsoft.AspNetCore.Mvc.Infrastructure.ActionMethodExecutor.TaskOfIActionResultExecutor.Execute(ActionContext actionContext, IActionResultTypeMapper mapper, ObjectMethodExecutor executor, Object controller, Object[] arguments)
   at Microsoft.AspNetCore.Mvc.Infrastructure.ControllerActionInvoker.<InvokeActionMethodAsync>g__Awaited|12_0(ControllerActionInvoker invoker, ValueTask`1 actionResultValueTask)
   at Microsoft.AspNetCore.Mvc.Infrastructure.ControllerActionInvoker.<InvokeNextActionFilterAsync>g__Awaited|10_0(ControllerActionInvoker invoker, Task lastTask, State next, Scope scope, Object state, Boolean isCompleted)
   at Microsoft.AspNetCore.Mvc.Infrastructure.ControllerActionInvoker.Rethrow(ActionExecutedContextSealed context)
   at Microsoft.AspNetCore.Mvc.Infrastructure.ControllerActionInvoker.Next(State& next, Scope& scope, Object& state, Boolean& isCompleted)
   at Microsoft.AspNetCore.Mvc.Infrastructure.ControllerActionInvoker.InvokeInnerFilterAsync()
--- End of stack trace from previous location ---
   at Microsoft.AspNetCore.Mvc.Infrastructure.ResourceInvoker.<InvokeFilterPipelineAsync>g__Awaited|20_0(ResourceInvoker invoker, Task lastTask, State next, Scope scope, Object state, Boolean isCompleted)
   at Microsoft.AspNetCore.Mvc.Infrastructure.ResourceInvoker.<InvokeAsync>g__Awaited|17_0(ResourceInvoker invoker, Task task, IDisposable scope)
   at Microsoft.AspNetCore.Mvc.Infrastructure.ResourceInvoker.<InvokeAsync>g__Awaited|17_0(ResourceInvoker invoker, Task task, IDisposable scope)
   at Microsoft.AspNetCore.Authorization.AuthorizationMiddleware.Invoke(HttpContext context)
   at Microsoft.AspNetCore.Authentication.AuthenticationMiddleware.Invoke(HttpContext context)
   at Serilog.AspNetCore.RequestLoggingMiddleware.Invoke(HttpContext httpContext)
2026-04-21 21:57:08.583 +05:30 [ERR] [SpectrumCare.Identity] [14] Unhandled exception occurred. TraceId: 0HNKVO8BL2HD1:00000001, Path: /api/v1/auth/register
System.InvalidOperationException: TenantId claim is missing or invalid. Ensure JWT contains tenantId claim.
   at SpectrumCare.Identity.Infrastructure.Services.TenantContextService.get_TenantId() in D:\SpectrumCare\src\Services\Identity\SpectrumCare.Identity.Infrastructure\Services\TenantContextService.cs:line 31
   at lambda_method15(Closure, QueryContext)
   at Microsoft.EntityFrameworkCore.Query.Internal.QueryCompiler.ExecuteCore[TResult](Expression query, Boolean async, CancellationToken cancellationToken)
   at Microsoft.EntityFrameworkCore.Query.Internal.QueryCompiler.ExecuteAsync[TResult](Expression query, CancellationToken cancellationToken)
   at Microsoft.EntityFrameworkCore.Query.Internal.EntityQueryProvider.ExecuteAsync[TResult](Expression expression, CancellationToken cancellationToken)
   at Microsoft.EntityFrameworkCore.EntityFrameworkQueryableExtensions.ExecuteAsync[TSource,TResult](MethodInfo operatorMethodInfo, IQueryable`1 source, Expression expression, CancellationToken cancellationToken)
   at Microsoft.EntityFrameworkCore.EntityFrameworkQueryableExtensions.ExecuteAsync[TSource,TResult](MethodInfo operatorMethodInfo, IQueryable`1 source, LambdaExpression expression, CancellationToken cancellationToken)
   at Microsoft.EntityFrameworkCore.EntityFrameworkQueryableExtensions.AnyAsync[TSource](IQueryable`1 source, Expression`1 predicate, CancellationToken cancellationToken)
   at SpectrumCare.Identity.Infrastructure.Persistence.Repositories.UserRepository.EmailExistsAsync(String email, CancellationToken cancellationToken) in D:\SpectrumCare\src\Services\Identity\SpectrumCare.Identity.Infrastructure\Persistence\Repositories\UserRepository.cs:line 58
   at SpectrumCare.Identity.Application.Commands.Register.RegisterCommandHandler.Handle(RegisterCommand command, CancellationToken cancellationToken) in D:\SpectrumCare\src\Services\Identity\SpectrumCare.Identity.Application\Commands\Register\RegisterCommandHandler.cs:line 48
   at SpectrumCare.Identity.API.Controllers.AuthController.Register(RegisterRequest request, CancellationToken cancellationToken) in D:\SpectrumCare\src\Services\Identity\SpectrumCare.Identity.API\Controllers\AuthController.cs:line 47
   at Microsoft.AspNetCore.Mvc.Infrastructure.ActionMethodExecutor.TaskOfIActionResultExecutor.Execute(ActionContext actionContext, IActionResultTypeMapper mapper, ObjectMethodExecutor executor, Object controller, Object[] arguments)
   at Microsoft.AspNetCore.Mvc.Infrastructure.ControllerActionInvoker.<InvokeActionMethodAsync>g__Awaited|12_0(ControllerActionInvoker invoker, ValueTask`1 actionResultValueTask)
   at Microsoft.AspNetCore.Mvc.Infrastructure.ControllerActionInvoker.<InvokeNextActionFilterAsync>g__Awaited|10_0(ControllerActionInvoker invoker, Task lastTask, State next, Scope scope, Object state, Boolean isCompleted)
   at Microsoft.AspNetCore.Mvc.Infrastructure.ControllerActionInvoker.Rethrow(ActionExecutedContextSealed context)
   at Microsoft.AspNetCore.Mvc.Infrastructure.ControllerActionInvoker.Next(State& next, Scope& scope, Object& state, Boolean& isCompleted)
   at Microsoft.AspNetCore.Mvc.Infrastructure.ControllerActionInvoker.InvokeInnerFilterAsync()
--- End of stack trace from previous location ---
   at Microsoft.AspNetCore.Mvc.Infrastructure.ResourceInvoker.<InvokeFilterPipelineAsync>g__Awaited|20_0(ResourceInvoker invoker, Task lastTask, State next, Scope scope, Object state, Boolean isCompleted)
   at Microsoft.AspNetCore.Mvc.Infrastructure.ResourceInvoker.<InvokeAsync>g__Awaited|17_0(ResourceInvoker invoker, Task task, IDisposable scope)
   at Microsoft.AspNetCore.Mvc.Infrastructure.ResourceInvoker.<InvokeAsync>g__Awaited|17_0(ResourceInvoker invoker, Task task, IDisposable scope)
   at Microsoft.AspNetCore.Authorization.AuthorizationMiddleware.Invoke(HttpContext context)
   at Microsoft.AspNetCore.Authentication.AuthenticationMiddleware.Invoke(HttpContext context)
   at Serilog.AspNetCore.RequestLoggingMiddleware.Invoke(HttpContext httpContext)
   at Swashbuckle.AspNetCore.SwaggerUI.SwaggerUIMiddleware.Invoke(HttpContext httpContext)
   at Swashbuckle.AspNetCore.Swagger.SwaggerMiddleware.Invoke(HttpContext httpContext, ISwaggerProvider swaggerProvider)
   at SpectrumCare.BuildingBlocks.Web.Middleware.ExceptionMiddleware.InvokeAsync(HttpContext context) in D:\SpectrumCare\src\BuildingBlocks\SpectrumCare.BuildingBlocks.Web\Middleware\ExceptionMiddleware.cs:line 35
